-------------------------------------------------------------------------------
Test set: com.bharath.flightservices.FlightservicesApplicationTests
-------------------------------------------------------------------------------
Tests run: 1, Failures: 0, Errors: 1, Skipped: 0, Time elapsed: 3.066 s <<< FAILURE! - in com.bharath.flightservices.FlightservicesApplicationTests
initializationError(com.bharath.flightservices.FlightservicesApplicationTests)  Time elapsed: 0.026 s  <<< ERROR!
java.lang.IllegalStateException: Unable to find a @SpringBootConfiguration, you need to use @ContextConfiguration or @SpringBootTest(classes=...) with your test

